# JRE version: OpenJDK Runtime Environment Temurin-17.0.13+11 (17.0.13+11) (build 17.0.13+11)
# Java VM: OpenJDK 64-Bit Server VM Temurin-17.0.13+11 (17.0.13+11, mixed mode, tiered, compressed oops, compressed class ptrs, parallel gc, windows-amd64)
GC Precious Log:
 CPUs: 8 total, 8 available
 Memory: 16118M
 Large Page Support: Disabled
 NUMA Support: Disabled
 Compressed Oops: Enabled (32-bit)
 Alignments: Space 512K, Generation 512K, Heap 2M
 Heap Min Capacity: 100M
 Heap Initial Capacity: 100M
 Heap Max Capacity: 1G
 Pre-touch: Disabled
 Parallel Workers: 8
Heap:
 PSYoungGen      total 25600K, used 17210K [0x00000000eab00000, 0x00000000ed000000, 0x0000000100000000)
  eden space 14336K, 41% used [0x00000000eab00000,0x00000000eb0d2c20,0x00000000eb900000)
  from space 11264K, 99% used [0x00000000ec500000,0x00000000ecffbe80,0x00000000ed000000)
  to   space 9728K, 0% used [0x00000000eb900000,0x00000000eb900000,0x00000000ec280000)
 ParOldGen       total 347648K, used 311980K [0x00000000c0000000, 0x00000000d5380000, 0x00000000eab00000)
  object space 347648K, 89% used [0x00000000c0000000,0x00000000d30ab258,0x00000000d5380000)
 Metaspace       used 67676K, committed 68928K, reserved 1114112K
  class space    used 7098K, committed 7616K, reserved 1048576K
GC Heap History (20 events):
Event: 14.962 GC heap before
{Heap before GC invocations=137 (full 9):
 PSYoungGen      total 37376K, used 26092K [0x00000000eab00000, 0x00000000edd80000, 0x0000000100000000)
  eden space 26112K, 99% used [0x00000000eab00000,0x00000000ec47b190,0x00000000ec480000)
  from space 11264K, 0% used [0x00000000ed100000,0x00000000ed100000,0x00000000edc00000)
  to   space 9728K, 0% used [0x00000000ec480000,0x00000000ec480000,0x00000000ece00000)
 ParOldGen       total 347648K, used 265472K [0x00000000c0000000, 0x00000000d5380000, 0x00000000eab00000)
  object space 347648K, 76% used [0x00000000c0000000,0x00000000d03402a8,0x00000000d5380000)
 Metaspace       used 61794K, committed 62912K, reserved 1114112K
  class space    used 6610K, committed 7104K, reserved 1048576K
}
Event: 14.978 GC heap after
{Heap after GC invocations=137 (full 9):
 PSYoungGen      total 35840K, used 6590K [0x00000000eab00000, 0x00000000ed700000, 0x0000000100000000)
  eden space 26112K, 0% used [0x00000000eab00000,0x00000000eab00000,0x00000000ec480000)
  from space 9728K, 67% used [0x00000000ec480000,0x00000000ecaef8f8,0x00000000ece00000)
  to   space 8192K, 0% used [0x00000000ecf00000,0x00000000ecf00000,0x00000000ed700000)
 ParOldGen       total 347648K, used 274906K [0x00000000c0000000, 0x00000000d5380000, 0x00000000eab00000)
  object space 347648K, 79% used [0x00000000c0000000,0x00000000d0c76830,0x00000000d5380000)
 Metaspace       used 61794K, committed 62912K, reserved 1114112K
  class space    used 6610K, committed 7104K, reserved 1048576K
}
Event: 15.451 GC heap before
{Heap before GC invocations=138 (full 9):
 PSYoungGen      total 35840K, used 32702K [0x00000000eab00000, 0x00000000ed700000, 0x0000000100000000)
  eden space 26112K, 100% used [0x00000000eab00000,0x00000000ec480000,0x00000000ec480000)
  from space 9728K, 67% used [0x00000000ec480000,0x00000000ecaef8f8,0x00000000ece00000)
  to   space 8192K, 0% used [0x00000000ecf00000,0x00000000ecf00000,0x00000000ed700000)
 ParOldGen       total 347648K, used 274906K [0x00000000c0000000, 0x00000000d5380000, 0x00000000eab00000)
  object space 347648K, 79% used [0x00000000c0000000,0x00000000d0c76830,0x00000000d5380000)
 Metaspace       used 62592K, committed 63744K, reserved 1114112K
  class space    used 6721K, committed 7232K, reserved 1048576K
}
Event: 15.457 GC heap after
{Heap after GC invocations=138 (full 9):
 PSYoungGen      total 33792K, used 8176K [0x00000000eab00000, 0x00000000edd00000, 0x0000000100000000)
  eden space 25600K, 0% used [0x00000000eab00000,0x00000000eab00000,0x00000000ec400000)
  from space 8192K, 99% used [0x00000000ecf00000,0x00000000ed6fc3e8,0x00000000ed700000)
  to   space 11264K, 0% used [0x00000000ec400000,0x00000000ec400000,0x00000000ecf00000)
 ParOldGen       total 347648K, used 277227K [0x00000000c0000000, 0x00000000d5380000, 0x00000000eab00000)
  object space 347648K, 79% used [0x00000000c0000000,0x00000000d0ebafa0,0x00000000d5380000)
 Metaspace       used 62592K, committed 63744K, reserved 1114112K
  class space    used 6721K, committed 7232K, reserved 1048576K
}
Event: 15.792 GC heap before
{Heap before GC invocations=139 (full 9):
 PSYoungGen      total 33792K, used 33776K [0x00000000eab00000, 0x00000000edd00000, 0x0000000100000000)
  eden space 25600K, 100% used [0x00000000eab00000,0x00000000ec400000,0x00000000ec400000)
  from space 8192K, 99% used [0x00000000ecf00000,0x00000000ed6fc3e8,0x00000000ed700000)
  to   space 11264K, 0% used [0x00000000ec400000,0x00000000ec400000,0x00000000ecf00000)
 ParOldGen       total 347648K, used 277227K [0x00000000c0000000, 0x00000000d5380000, 0x00000000eab00000)
  object space 347648K, 79% used [0x00000000c0000000,0x00000000d0ebafa0,0x00000000d5380000)
 Metaspace       used 63745K, committed 64896K, reserved 1114112K
  class space    used 6833K, committed 7360K, reserved 1048576K
}
Event: 15.801 GC heap after
{Heap after GC invocations=139 (full 9):
 PSYoungGen      total 36864K, used 10583K [0x00000000eab00000, 0x00000000edc00000, 0x0000000100000000)
  eden space 25600K, 0% used [0x00000000eab00000,0x00000000eab00000,0x00000000ec400000)
  from space 11264K, 93% used [0x00000000ec400000,0x00000000ece55c90,0x00000000ecf00000)
  to   space 11264K, 0% used [0x00000000ed100000,0x00000000ed100000,0x00000000edc00000)
 ParOldGen       total 347648K, used 282850K [0x00000000c0000000, 0x00000000d5380000, 0x00000000eab00000)
  object space 347648K, 81% used [0x00000000c0000000,0x00000000d14388b0,0x00000000d5380000)
 Metaspace       used 63745K, committed 64896K, reserved 1114112K
  class space    used 6833K, committed 7360K, reserved 1048576K
}
Event: 16.375 GC heap before
{Heap before GC invocations=140 (full 9):
 PSYoungGen      total 36864K, used 36183K [0x00000000eab00000, 0x00000000edc00000, 0x0000000100000000)
  eden space 25600K, 100% used [0x00000000eab00000,0x00000000ec400000,0x00000000ec400000)
  from space 11264K, 93% used [0x00000000ec400000,0x00000000ece55c90,0x00000000ecf00000)
  to   space 11264K, 0% used [0x00000000ed100000,0x00000000ed100000,0x00000000edc00000)
 ParOldGen       total 347648K, used 282850K [0x00000000c0000000, 0x00000000d5380000, 0x00000000eab00000)
  object space 347648K, 81% used [0x00000000c0000000,0x00000000d14388b0,0x00000000d5380000)
 Metaspace       used 64846K, committed 66048K, reserved 1114112K
  class space    used 6907K, committed 7424K, reserved 1048576K
}
Event: 16.386 GC heap after
{Heap after GC invocations=140 (full 9):
 PSYoungGen      total 31232K, used 11260K [0x00000000eab00000, 0x00000000eea80000, 0x0000000100000000)
  eden space 19968K, 0% used [0x00000000eab00000,0x00000000eab00000,0x00000000ebe80000)
  from space 11264K, 99% used [0x00000000ed100000,0x00000000edbff3f0,0x00000000edc00000)
  to   space 18944K, 0% used [0x00000000ebe80000,0x00000000ebe80000,0x00000000ed100000)
 ParOldGen       total 347648K, used 289165K [0x00000000c0000000, 0x00000000d5380000, 0x00000000eab00000)
  object space 347648K, 83% used [0x00000000c0000000,0x00000000d1a63540,0x00000000d5380000)
 Metaspace       used 64846K, committed 66048K, reserved 1114112K
  class space    used 6907K, committed 7424K, reserved 1048576K
}
Event: 16.588 GC heap before
{Heap before GC invocations=141 (full 9):
 PSYoungGen      total 31232K, used 31228K [0x00000000eab00000, 0x00000000eea80000, 0x0000000100000000)
  eden space 19968K, 100% used [0x00000000eab00000,0x00000000ebe80000,0x00000000ebe80000)
  from space 11264K, 99% used [0x00000000ed100000,0x00000000edbff3f0,0x00000000edc00000)
  to   space 18944K, 0% used [0x00000000ebe80000,0x00000000ebe80000,0x00000000ed100000)
 ParOldGen       total 347648K, used 289165K [0x00000000c0000000, 0x00000000d5380000, 0x00000000eab00000)
  object space 347648K, 83% used [0x00000000c0000000,0x00000000d1a63540,0x00000000d5380000)
 Metaspace       used 65054K, committed 66240K, reserved 1114112K
  class space    used 6916K, committed 7488K, reserved 1048576K
}
Event: 16.600 GC heap after
{Heap after GC invocations=141 (full 9):
 PSYoungGen      total 24064K, used 3959K [0x00000000eab00000, 0x00000000ed200000, 0x0000000100000000)
  eden space 19968K, 0% used [0x00000000eab00000,0x00000000eab00000,0x00000000ebe80000)
  from space 4096K, 96% used [0x00000000ebe80000,0x00000000ec25df00,0x00000000ec280000)
  to   space 9216K, 0% used [0x00000000ec900000,0x00000000ec900000,0x00000000ed200000)
 ParOldGen       total 347648K, used 300358K [0x00000000c0000000, 0x00000000d5380000, 0x00000000eab00000)
  object space 347648K, 86% used [0x00000000c0000000,0x00000000d2551bf8,0x00000000d5380000)
 Metaspace       used 65054K, committed 66240K, reserved 1114112K
  class space    used 6916K, committed 7488K, reserved 1048576K
}
Event: 16.728 GC heap before
{Heap before GC invocations=142 (full 9):
 PSYoungGen      total 24064K, used 23927K [0x00000000eab00000, 0x00000000ed200000, 0x0000000100000000)
  eden space 19968K, 100% used [0x00000000eab00000,0x00000000ebe80000,0x00000000ebe80000)
  from space 4096K, 96% used [0x00000000ebe80000,0x00000000ec25df00,0x00000000ec280000)
  to   space 9216K, 0% used [0x00000000ec900000,0x00000000ec900000,0x00000000ed200000)
 ParOldGen       total 347648K, used 300358K [0x00000000c0000000, 0x00000000d5380000, 0x00000000eab00000)
  object space 347648K, 86% used [0x00000000c0000000,0x00000000d2551bf8,0x00000000d5380000)
 Metaspace       used 65340K, committed 66560K, reserved 1114112K
  class space    used 6938K, committed 7488K, reserved 1048576K
}
Event: 16.735 GC heap after
{Heap after GC invocations=142 (full 9):
 PSYoungGen      total 28160K, used 6622K [0x00000000eab00000, 0x00000000ecf80000, 0x0000000100000000)
  eden space 21504K, 0% used [0x00000000eab00000,0x00000000eab00000,0x00000000ec000000)
  from space 6656K, 99% used [0x00000000ec900000,0x00000000ecf77a38,0x00000000ecf80000)
  to   space 7680K, 0% used [0x00000000ec080000,0x00000000ec080000,0x00000000ec800000)
 ParOldGen       total 347648K, used 300366K [0x00000000c0000000, 0x00000000d5380000, 0x00000000eab00000)
  object space 347648K, 86% used [0x00000000c0000000,0x00000000d2553bf8,0x00000000d5380000)
 Metaspace       used 65340K, committed 66560K, reserved 1114112K
  class space    used 6938K, committed 7488K, reserved 1048576K
}
Event: 16.822 GC heap before
{Heap before GC invocations=143 (full 9):
 PSYoungGen      total 28160K, used 28126K [0x00000000eab00000, 0x00000000ecf80000, 0x0000000100000000)
  eden space 21504K, 100% used [0x00000000eab00000,0x00000000ec000000,0x00000000ec000000)
  from space 6656K, 99% used [0x00000000ec900000,0x00000000ecf77a38,0x00000000ecf80000)
  to   space 7680K, 0% used [0x00000000ec080000,0x00000000ec080000,0x00000000ec800000)
 ParOldGen       total 347648K, used 300366K [0x00000000c0000000, 0x00000000d5380000, 0x00000000eab00000)
  object space 347648K, 86% used [0x00000000c0000000,0x00000000d2553bf8,0x00000000d5380000)
 Metaspace       used 65945K, committed 67200K, reserved 1114112K
  class space    used 6991K, committed 7552K, reserved 1048576K
}
Event: 16.828 GC heap after
{Heap after GC invocations=143 (full 9):
 PSYoungGen      total 29696K, used 6951K [0x00000000eab00000, 0x00000000ecf80000, 0x0000000100000000)
  eden space 22016K, 0% used [0x00000000eab00000,0x00000000eab00000,0x00000000ec080000)
  from space 7680K, 90% used [0x00000000ec080000,0x00000000ec749c28,0x00000000ec800000)
  to   space 7168K, 0% used [0x00000000ec880000,0x00000000ec880000,0x00000000ecf80000)
 ParOldGen       total 347648K, used 300374K [0x00000000c0000000, 0x00000000d5380000, 0x00000000eab00000)
  object space 347648K, 86% used [0x00000000c0000000,0x00000000d2555bf8,0x00000000d5380000)
 Metaspace       used 65945K, committed 67200K, reserved 1114112K
  class space    used 6991K, committed 7552K, reserved 1048576K
}
Event: 17.190 GC heap before
{Heap before GC invocations=144 (full 9):
 PSYoungGen      total 29696K, used 28967K [0x00000000eab00000, 0x00000000ecf80000, 0x0000000100000000)
  eden space 22016K, 100% used [0x00000000eab00000,0x00000000ec080000,0x00000000ec080000)
  from space 7680K, 90% used [0x00000000ec080000,0x00000000ec749c28,0x00000000ec800000)
  to   space 7168K, 0% used [0x00000000ec880000,0x00000000ec880000,0x00000000ecf80000)
 ParOldGen       total 347648K, used 300374K [0x00000000c0000000, 0x00000000d5380000, 0x00000000eab00000)
  object space 347648K, 86% used [0x00000000c0000000,0x00000000d2555bf8,0x00000000d5380000)
 Metaspace       used 67006K, committed 68224K, reserved 1114112K
  class space    used 7073K, committed 7616K, reserved 1048576K
}
Event: 17.200 GC heap after
{Heap after GC invocations=144 (full 9):
 PSYoungGen      total 21504K, used 7150K [0x00000000eab00000, 0x00000000ee100000, 0x0000000100000000)
  eden space 14336K, 0% used [0x00000000eab00000,0x00000000eab00000,0x00000000eb900000)
  from space 7168K, 99% used [0x00000000ec880000,0x00000000ecf7bbb8,0x00000000ecf80000)
  to   space 15872K, 0% used [0x00000000eb900000,0x00000000eb900000,0x00000000ec880000)
 ParOldGen       total 347648K, used 307739K [0x00000000c0000000, 0x00000000d5380000, 0x00000000eab00000)
  object space 347648K, 88% used [0x00000000c0000000,0x00000000d2c86e78,0x00000000d5380000)
 Metaspace       used 67006K, committed 68224K, reserved 1114112K
  class space    used 7073K, committed 7616K, reserved 1048576K
}
Event: 17.499 GC heap before
{Heap before GC invocations=145 (full 9):
 PSYoungGen      total 21504K, used 21486K [0x00000000eab00000, 0x00000000ee100000, 0x0000000100000000)
  eden space 14336K, 100% used [0x00000000eab00000,0x00000000eb900000,0x00000000eb900000)
  from space 7168K, 99% used [0x00000000ec880000,0x00000000ecf7bbb8,0x00000000ecf80000)
  to   space 15872K, 0% used [0x00000000eb900000,0x00000000eb900000,0x00000000ec880000)
 ParOldGen       total 347648K, used 307739K [0x00000000c0000000, 0x00000000d5380000, 0x00000000eab00000)
  object space 347648K, 88% used [0x00000000c0000000,0x00000000d2c86e78,0x00000000d5380000)
 Metaspace       used 67445K, committed 68608K, reserved 1114112K
  class space    used 7095K, committed 7616K, reserved 1048576K
}
Event: 17.510 GC heap after
{Heap after GC invocations=145 (full 9):
 PSYoungGen      total 24064K, used 9427K [0x00000000eab00000, 0x00000000ed000000, 0x0000000100000000)
  eden space 14336K, 0% used [0x00000000eab00000,0x00000000eab00000,0x00000000eb900000)
  from space 9728K, 96% used [0x00000000eb900000,0x00000000ec234d80,0x00000000ec280000)
  to   space 11264K, 0% used [0x00000000ec500000,0x00000000ec500000,0x00000000ed000000)
 ParOldGen       total 347648K, used 309324K [0x00000000c0000000, 0x00000000d5380000, 0x00000000eab00000)
  object space 347648K, 88% used [0x00000000c0000000,0x00000000d2e13258,0x00000000d5380000)
 Metaspace       used 67445K, committed 68608K, reserved 1114112K
  class space    used 7095K, committed 7616K, reserved 1048576K
}
Event: 17.635 GC heap before
{Heap before GC invocations=146 (full 9):
 PSYoungGen      total 24064K, used 23763K [0x00000000eab00000, 0x00000000ed000000, 0x0000000100000000)
  eden space 14336K, 100% used [0x00000000eab00000,0x00000000eb900000,0x00000000eb900000)
  from space 9728K, 96% used [0x00000000eb900000,0x00000000ec234d80,0x00000000ec280000)
  to   space 11264K, 0% used [0x00000000ec500000,0x00000000ec500000,0x00000000ed000000)
 ParOldGen       total 347648K, used 309324K [0x00000000c0000000, 0x00000000d5380000, 0x00000000eab00000)
  object space 347648K, 88% used [0x00000000c0000000,0x00000000d2e13258,0x00000000d5380000)
 Metaspace       used 67637K, committed 68864K, reserved 1114112K
  class space    used 7098K, committed 7616K, reserved 1048576K
}
Event: 17.644 GC heap after
{Heap after GC invocations=146 (full 9):
 PSYoungGen      total 25600K, used 11247K [0x00000000eab00000, 0x00000000ed000000, 0x0000000100000000)
  eden space 14336K, 0% used [0x00000000eab00000,0x00000000eab00000,0x00000000eb900000)
  from space 11264K, 99% used [0x00000000ec500000,0x00000000ecffbe80,0x00000000ed000000)
  to   space 9728K, 0% used [0x00000000eb900000,0x00000000eb900000,0x00000000ec280000)
 ParOldGen       total 347648K, used 311980K [0x00000000c0000000, 0x00000000d5380000, 0x00000000eab00000)
  object space 347648K, 89% used [0x00000000c0000000,0x00000000d30ab258,0x00000000d5380000)
 Metaspace       used 67637K, committed 68864K, reserved 1114112K
  class space    used 7098K, committed 7616K, reserved 1048576K
}

